<?xml version="1.0" encoding="UTF-8"?>
<testsuites name="Test suite2" time="45" tests="0" failures="1" errors="0">
   <testsuite name="Test suite2" tests="0" failures="1" errors="0" time="45" timestamp="2018-05-09 22:34:10" hostname="thanakan_t - 192.168.1.23" id="Test Suites/Test suite2">
      <properties>
         <property name="deviceName" value=""/>
         <property name="devicePlatform" value=""/>
         <property name="logFolder" value="C:\\Users\\thanakan_t\\git\\234Project-TestVer2\\Reports\\Test suite2\\20180509_223406"/>
         <property name="logFiles" value="C:\\Users\\thanakan_t\\git\\234Project-TestVer2\\Reports\\Test suite2\\20180509_223406\\execution0.log"/>
         <property name="attachments" value="C:\\Users\\thanakan_t\\git\\234Project-TestVer2\\Reports\\Test suite2\\20180509_223406\\1525880094251.png, C:\\Users\\thanakan_t\\git\\234Project-TestVer2\\Reports\\Test suite2\\20180509_223406\\1525880094790.png"/>
         <property name="hostName" value="thanakan_t - 192.168.1.23"/>
         <property name="os" value="Windows 10 64bit"/>
         <property name="katalonVersion" value="5.4.1.1"/>
         <property name="browser" value="Chrome 66.0.3359.139"/>
         <property name="hostAddress" value="192.168.1.23"/>
         <property name="sessionId" value="d010f0c115b096113aac17f109b410e1"/>
         <property name="seleniumVersion" value="3.7.1"/>
         <property name="proxyInformation" value="ProxyInformation{proxyOption=NO_PROXY, proxyServerType=HTTP, password=, proxyServerAddress=, proxyServerPort=0}"/>
         <property name="platform" value="Windows 10"/>
      </properties>
      <testcase name="Test Cases/Admin view all transaction-test" classname="Test Cases/Admin view all transaction-test" status="FAILED">
         <failure type="FAILED" message="Verify element text of test object 'Object Repository/For admin-test/Page_ProjectBackend/td_1' FAILED. (Root cause: Actual text '1' and expected text 'admin' of test object 'Object Repository/For admin-test/Page_ProjectBackend/td_1' are NOT matched.)"/>
         <system-out><![CDATA[2018-05-09 22:34:11 - [TEST_CASE][FAILED] - Test Cases/Admin view all transaction-test: Test Cases/Admin view all transaction-test FAILED because (of) Verify element text of test object 'Object Repository/For admin-test/Page_ProjectBackend/td_1' FAILED. (Root cause: Actual text '1' and expected text 'admin' of test object 'Object Repository/For admin-test/Page_ProjectBackend/td_1' are NOT matched.)

2018-05-09 22:34:12 - [TEST_STEP][PASSED] - openBrowser: Browser is opened with url: ''

2018-05-09 22:34:44 - [MESSAGE][PASSED] - Browser is opened with url: ''

2018-05-09 22:34:44 - [TEST_STEP][PASSED] - navigateToUrl: Navigate to 'http://34.223.223.31:8091/' successfully

2018-05-09 22:34:51 - [MESSAGE][PASSED] - Navigate to 'http://34.223.223.31:8091/' successfully

2018-05-09 22:34:51 - [TEST_STEP][PASSED] - setText: Text 'admin' is set on object 'Object Repository/For admin-test/Page_ProjectBackend/input_username'

2018-05-09 22:34:51 - [MESSAGE][PASSED] - Text 'admin' is set on object 'Object Repository/For admin-test/Page_ProjectBackend/input_username'

2018-05-09 22:34:51 - [TEST_STEP][PASSED] - setText: Text 'admin' is set on object 'Object Repository/For admin-test/Page_ProjectBackend/input_password'

2018-05-09 22:34:51 - [MESSAGE][PASSED] - Text 'admin' is set on object 'Object Repository/For admin-test/Page_ProjectBackend/input_password'

2018-05-09 22:34:51 - [TEST_STEP][PASSED] - click: Object: 'Object Repository/For admin-test/Page_ProjectBackend/button_Login' is clicked on

2018-05-09 22:34:52 - [MESSAGE][PASSED] - Object: 'Object Repository/For admin-test/Page_ProjectBackend/button_Login' is clicked on

2018-05-09 22:34:52 - [TEST_STEP][PASSED] - click: Object: 'Object Repository/For admin-test/Page_ProjectBackend/a_Total Transaction' is clicked on

2018-05-09 22:34:53 - [MESSAGE][PASSED] - Object: 'Object Repository/For admin-test/Page_ProjectBackend/a_Total Transaction' is clicked on

2018-05-09 22:34:53 - [TEST_STEP][FAILED] - verifyElementText: Verify element text of test object 'Object Repository/For admin-test/Page_ProjectBackend/td_1' FAILED. (Root cause: Actual text '1' and expected text 'admin' of test object 'Object Repository/For admin-test/Page_ProjectBackend/td_1' are NOT matched.)

2018-05-09 22:34:54 - [MESSAGE][FAILED] - Actual text '1' and expected text 'admin' of test object 'Object Repository/For admin-test/Page_ProjectBackend/td_1' are NOT matched.
[[ATTACHMENT|C:\\Users\\thanakan_t\\git\\234Project-TestVer2\\Reports\\Test suite2\\20180509_223406\\1525880094251.png]]

2018-05-09 22:34:55 - [MESSAGE][FAILED] - Verify element text of test object 'Object Repository/For admin-test/Page_ProjectBackend/td_1' FAILED. (Root cause: Actual text '1' and expected text 'admin' of test object 'Object Repository/For admin-test/Page_ProjectBackend/td_1' are NOT matched.)
[[ATTACHMENT|C:\\Users\\thanakan_t\\git\\234Project-TestVer2\\Reports\\Test suite2\\20180509_223406\\1525880094790.png]]]]></system-out>
         <system-err><![CDATA[2018-05-09 22:34:11 - [TEST_CASE][FAILED] - Test Cases/Admin view all transaction-test: Test Cases/Admin view all transaction-test FAILED because (of) Verify element text of test object 'Object Repository/For admin-test/Page_ProjectBackend/td_1' FAILED. (Root cause: Actual text '1' and expected text 'admin' of test object 'Object Repository/For admin-test/Page_ProjectBackend/td_1' are NOT matched.)]]></system-err>
      </testcase>
      <system-out><![CDATA[2018-05-09 22:34:10 - [TEST_SUITE][FAILED] - Test suite2: Test Cases/Admin view all transaction-test FAILED because (of) Verify element text of test object 'Object Repository/For admin-test/Page_ProjectBackend/td_1' FAILED. (Root cause: Actual text '1' and expected text 'admin' of test object 'Object Repository/For admin-test/Page_ProjectBackend/td_1' are NOT matched.)]]></system-out>
      <system-err><![CDATA[2018-05-09 22:34:10 - [TEST_SUITE][FAILED] - Test suite2: Test Cases/Admin view all transaction-test FAILED because (of) Verify element text of test object 'Object Repository/For admin-test/Page_ProjectBackend/td_1' FAILED. (Root cause: Actual text '1' and expected text 'admin' of test object 'Object Repository/For admin-test/Page_ProjectBackend/td_1' are NOT matched.)]]></system-err>
   </testsuite>
</testsuites>
