<?xml version="1.0" encoding="UTF-8"?>
<testsuites name="Test Suite 1" time="22" tests="0" failures="1" errors="0">
   <testsuite name="Test Suite 1" tests="0" failures="1" errors="0" time="22" timestamp="2018-05-10 17:47:06" hostname="thanakan_t - 10.80.148.103" id="Test Suites/Test Suite 1">
      <properties>
         <property name="deviceName" value=""/>
         <property name="devicePlatform" value=""/>
         <property name="logFolder" value="C:\\Users\\thanakan_t\\git\\234Project-TestVer2\\Reports\\Test Suite 1\\20180510_174705"/>
         <property name="logFiles" value="C:\\Users\\thanakan_t\\git\\234Project-TestVer2\\Reports\\Test Suite 1\\20180510_174705\\execution0.log"/>
         <property name="attachments" value="C:\\Users\\thanakan_t\\git\\234Project-TestVer2\\Reports\\Test Suite 1\\20180510_174705\\1525949248261.png, C:\\Users\\thanakan_t\\git\\234Project-TestVer2\\Reports\\Test Suite 1\\20180510_174705\\1525949248778.png"/>
         <property name="hostName" value="thanakan_t - 10.80.148.103"/>
         <property name="os" value="Windows 10 64bit"/>
         <property name="katalonVersion" value="5.4.1.1"/>
         <property name="browser" value="Chrome 66.0.3359.139"/>
         <property name="hostAddress" value="10.80.148.103"/>
         <property name="sessionId" value="187cd1c08e38a47addf77647613d8370"/>
         <property name="seleniumVersion" value="3.7.1"/>
         <property name="proxyInformation" value="ProxyInformation{proxyOption=NO_PROXY, proxyServerType=HTTP, password=, proxyServerAddress=, proxyServerPort=0}"/>
         <property name="platform" value="Windows 10"/>
      </properties>
      <testcase name="Test Cases/Create a transaction-Test" classname="Test Cases/Create a transaction-Test" status="FAILED">
         <failure type="FAILED" message="Verify element text of test object 'Object Repository/For test case create a transaction/Page_ProjectBackend/h5_Garden' FAILED. (Root cause: Actual text 'Garden' and expected text '&quot;Garden&quot;' of test object 'Object Repository/For test case create a transaction/Page_ProjectBackend/h5_Garden' are NOT matched.)"/>
         <system-out><![CDATA[2018-05-10 17:47:07 - [TEST_CASE][FAILED] - Test Cases/Create a transaction-Test: Test Cases/Create a transaction-Test FAILED because (of) Verify element text of test object 'Object Repository/For test case create a transaction/Page_ProjectBackend/h5_Garden' FAILED. (Root cause: Actual text 'Garden' and expected text '"Garden"' of test object 'Object Repository/For test case create a transaction/Page_ProjectBackend/h5_Garden' are NOT matched.)

2018-05-10 17:47:07 - [TEST_STEP][PASSED] - openBrowser: Browser is opened with url: ''

2018-05-10 17:47:11 - [MESSAGE][PASSED] - Browser is opened with url: ''

2018-05-10 17:47:11 - [TEST_STEP][PASSED] - navigateToUrl: Navigate to 'http://34.223.223.31:8091/' successfully

2018-05-10 17:47:25 - [MESSAGE][PASSED] - Navigate to 'http://34.223.223.31:8091/' successfully

2018-05-10 17:47:25 - [TEST_STEP][PASSED] - setText: Text 'user' is set on object 'Object Repository/For test case create a transaction/Page_ProjectBackend/input_username'

2018-05-10 17:47:26 - [MESSAGE][PASSED] - Text 'user' is set on object 'Object Repository/For test case create a transaction/Page_ProjectBackend/input_username'

2018-05-10 17:47:26 - [TEST_STEP][PASSED] - setText: Text 'user' is set on object 'Object Repository/For test case create a transaction/Page_ProjectBackend/input_password'

2018-05-10 17:47:26 - [MESSAGE][PASSED] - Text 'user' is set on object 'Object Repository/For test case create a transaction/Page_ProjectBackend/input_password'

2018-05-10 17:47:26 - [TEST_STEP][PASSED] - click: Object: 'Object Repository/For test case create a transaction/Page_ProjectBackend/button_Login' is clicked on

2018-05-10 17:47:26 - [MESSAGE][PASSED] - Object: 'Object Repository/For test case create a transaction/Page_ProjectBackend/button_Login' is clicked on

2018-05-10 17:47:26 - [TEST_STEP][FAILED] - verifyElementText: Verify element text of test object 'Object Repository/For test case create a transaction/Page_ProjectBackend/h5_Garden' FAILED. (Root cause: Actual text 'Garden' and expected text '"Garden"' of test object 'Object Repository/For test case create a transaction/Page_ProjectBackend/h5_Garden' are NOT matched.)

2018-05-10 17:47:28 - [MESSAGE][FAILED] - Actual text 'Garden' and expected text '"Garden"' of test object 'Object Repository/For test case create a transaction/Page_ProjectBackend/h5_Garden' are NOT matched.
[[ATTACHMENT|C:\\Users\\thanakan_t\\git\\234Project-TestVer2\\Reports\\Test Suite 1\\20180510_174705\\1525949248261.png]]

2018-05-10 17:47:29 - [MESSAGE][FAILED] - Verify element text of test object 'Object Repository/For test case create a transaction/Page_ProjectBackend/h5_Garden' FAILED. (Root cause: Actual text 'Garden' and expected text '"Garden"' of test object 'Object Repository/For test case create a transaction/Page_ProjectBackend/h5_Garden' are NOT matched.)
[[ATTACHMENT|C:\\Users\\thanakan_t\\git\\234Project-TestVer2\\Reports\\Test Suite 1\\20180510_174705\\1525949248778.png]]]]></system-out>
         <system-err><![CDATA[2018-05-10 17:47:07 - [TEST_CASE][FAILED] - Test Cases/Create a transaction-Test: Test Cases/Create a transaction-Test FAILED because (of) Verify element text of test object 'Object Repository/For test case create a transaction/Page_ProjectBackend/h5_Garden' FAILED. (Root cause: Actual text 'Garden' and expected text '"Garden"' of test object 'Object Repository/For test case create a transaction/Page_ProjectBackend/h5_Garden' are NOT matched.)]]></system-err>
      </testcase>
      <system-out><![CDATA[2018-05-10 17:47:06 - [TEST_SUITE][FAILED] - Test Suite 1: Test Cases/Create a transaction-Test FAILED because (of) Verify element text of test object 'Object Repository/For test case create a transaction/Page_ProjectBackend/h5_Garden' FAILED. (Root cause: Actual text 'Garden' and expected text '"Garden"' of test object 'Object Repository/For test case create a transaction/Page_ProjectBackend/h5_Garden' are NOT matched.)]]></system-out>
      <system-err><![CDATA[2018-05-10 17:47:06 - [TEST_SUITE][FAILED] - Test Suite 1: Test Cases/Create a transaction-Test FAILED because (of) Verify element text of test object 'Object Repository/For test case create a transaction/Page_ProjectBackend/h5_Garden' FAILED. (Root cause: Actual text 'Garden' and expected text '"Garden"' of test object 'Object Repository/For test case create a transaction/Page_ProjectBackend/h5_Garden' are NOT matched.)]]></system-err>
   </testsuite>
</testsuites>
