<?xml version="1.0" encoding="UTF-8"?>
<testsuites name="Test suite2" time="16" tests="0" failures="1" errors="0">
   <testsuite name="Test suite2" tests="0" failures="1" errors="0" time="16" timestamp="2018-05-09 22:26:03" hostname="thanakan_t - 192.168.1.23" id="Test Suites/Test suite2">
      <properties>
         <property name="deviceName" value=""/>
         <property name="devicePlatform" value=""/>
         <property name="logFolder" value="C:\\Users\\thanakan_t\\git\\234Project-TestVer2\\Reports\\Test suite2\\20180509_222601"/>
         <property name="logFiles" value="C:\\Users\\thanakan_t\\git\\234Project-TestVer2\\Reports\\Test suite2\\20180509_222601\\execution0.log"/>
         <property name="attachments" value="C:\\Users\\thanakan_t\\git\\234Project-TestVer2\\Reports\\Test suite2\\20180509_222601\\1525879578670.png, C:\\Users\\thanakan_t\\git\\234Project-TestVer2\\Reports\\Test suite2\\20180509_222601\\1525879578945.png"/>
         <property name="hostName" value="thanakan_t - 192.168.1.23"/>
         <property name="os" value="Windows 10 64bit"/>
         <property name="katalonVersion" value="5.4.1.1"/>
         <property name="browser" value="Chrome 66.0.3359.139"/>
         <property name="hostAddress" value="192.168.1.23"/>
         <property name="sessionId" value="2b453165d53fd5650831babf02f1c495"/>
         <property name="seleniumVersion" value="3.7.1"/>
         <property name="proxyInformation" value="ProxyInformation{proxyOption=NO_PROXY, proxyServerType=HTTP, password=, proxyServerAddress=, proxyServerPort=0}"/>
         <property name="platform" value="Windows 10"/>
      </properties>
      <testcase name="Test Cases/Test case 4 admin view all transaction" classname="Test Cases/Test case 4 admin view all transaction" status="FAILED">
         <failure type="FAILED" message="Verify element text of test object 'Object Repository/For test case 4/Page_ProjectBackend/td_1' FAILED. (Root cause: Actual text '1' and expected text 'admin' of test object 'Object Repository/For test case 4/Page_ProjectBackend/td_1' are NOT matched.)"/>
         <system-out><![CDATA[2018-05-09 22:26:04 - [TEST_CASE][FAILED] - Test Cases/Test case 4 admin view all transaction: Test Cases/Test case 4 admin view all transaction FAILED because (of) Verify element text of test object 'Object Repository/For test case 4/Page_ProjectBackend/td_1' FAILED. (Root cause: Actual text '1' and expected text 'admin' of test object 'Object Repository/For test case 4/Page_ProjectBackend/td_1' are NOT matched.)

2018-05-09 22:26:04 - [TEST_STEP][PASSED] - openBrowser: Browser is opened with url: ''

2018-05-09 22:26:09 - [MESSAGE][PASSED] - Browser is opened with url: ''

2018-05-09 22:26:09 - [TEST_STEP][PASSED] - navigateToUrl: Navigate to 'http://34.223.223.31:8091/' successfully

2018-05-09 22:26:16 - [MESSAGE][PASSED] - Navigate to 'http://34.223.223.31:8091/' successfully

2018-05-09 22:26:16 - [TEST_STEP][PASSED] - setText: Text 'admin' is set on object 'Object Repository/For test case 4/Page_ProjectBackend/input_username'

2018-05-09 22:26:16 - [MESSAGE][PASSED] - Text 'admin' is set on object 'Object Repository/For test case 4/Page_ProjectBackend/input_username'

2018-05-09 22:26:16 - [TEST_STEP][PASSED] - setText: Text 'admin' is set on object 'Object Repository/For test case 4/Page_ProjectBackend/input_password'

2018-05-09 22:26:16 - [MESSAGE][PASSED] - Text 'admin' is set on object 'Object Repository/For test case 4/Page_ProjectBackend/input_password'

2018-05-09 22:26:16 - [TEST_STEP][PASSED] - click: Object: 'Object Repository/For test case 4/Page_ProjectBackend/button_Login' is clicked on

2018-05-09 22:26:16 - [MESSAGE][PASSED] - Object: 'Object Repository/For test case 4/Page_ProjectBackend/button_Login' is clicked on

2018-05-09 22:26:16 - [TEST_STEP][PASSED] - click: Object: 'Object Repository/For test case 4/Page_ProjectBackend/a_Total Transaction' is clicked on

2018-05-09 22:26:18 - [MESSAGE][PASSED] - Object: 'Object Repository/For test case 4/Page_ProjectBackend/a_Total Transaction' is clicked on

2018-05-09 22:26:18 - [TEST_STEP][FAILED] - verifyElementText: Verify element text of test object 'Object Repository/For test case 4/Page_ProjectBackend/td_1' FAILED. (Root cause: Actual text '1' and expected text 'admin' of test object 'Object Repository/For test case 4/Page_ProjectBackend/td_1' are NOT matched.)

2018-05-09 22:26:18 - [MESSAGE][FAILED] - Actual text '1' and expected text 'admin' of test object 'Object Repository/For test case 4/Page_ProjectBackend/td_1' are NOT matched.
[[ATTACHMENT|C:\\Users\\thanakan_t\\git\\234Project-TestVer2\\Reports\\Test suite2\\20180509_222601\\1525879578670.png]]

2018-05-09 22:26:19 - [MESSAGE][FAILED] - Verify element text of test object 'Object Repository/For test case 4/Page_ProjectBackend/td_1' FAILED. (Root cause: Actual text '1' and expected text 'admin' of test object 'Object Repository/For test case 4/Page_ProjectBackend/td_1' are NOT matched.)
[[ATTACHMENT|C:\\Users\\thanakan_t\\git\\234Project-TestVer2\\Reports\\Test suite2\\20180509_222601\\1525879578945.png]]]]></system-out>
         <system-err><![CDATA[2018-05-09 22:26:04 - [TEST_CASE][FAILED] - Test Cases/Test case 4 admin view all transaction: Test Cases/Test case 4 admin view all transaction FAILED because (of) Verify element text of test object 'Object Repository/For test case 4/Page_ProjectBackend/td_1' FAILED. (Root cause: Actual text '1' and expected text 'admin' of test object 'Object Repository/For test case 4/Page_ProjectBackend/td_1' are NOT matched.)]]></system-err>
      </testcase>
      <system-out><![CDATA[2018-05-09 22:26:03 - [TEST_SUITE][FAILED] - Test suite2: Test Cases/Test case 4 admin view all transaction FAILED because (of) Verify element text of test object 'Object Repository/For test case 4/Page_ProjectBackend/td_1' FAILED. (Root cause: Actual text '1' and expected text 'admin' of test object 'Object Repository/For test case 4/Page_ProjectBackend/td_1' are NOT matched.)]]></system-out>
      <system-err><![CDATA[2018-05-09 22:26:03 - [TEST_SUITE][FAILED] - Test suite2: Test Cases/Test case 4 admin view all transaction FAILED because (of) Verify element text of test object 'Object Repository/For test case 4/Page_ProjectBackend/td_1' FAILED. (Root cause: Actual text '1' and expected text 'admin' of test object 'Object Repository/For test case 4/Page_ProjectBackend/td_1' are NOT matched.)]]></system-err>
   </testsuite>
</testsuites>
