<?xml version="1.0" encoding="UTF-8"?>
<testsuites name="Test Suite 2" time="20" tests="0" failures="0" errors="1">
   <testsuite name="Test Suite 2" tests="0" failures="0" errors="1" time="20" timestamp="2018-05-10 17:26:58" hostname="thanakan_t - 10.80.148.103" id="Test Suites/Test Suite 2">
      <properties>
         <property name="deviceName" value=""/>
         <property name="devicePlatform" value=""/>
         <property name="logFolder" value="C:\\Users\\thanakan_t\\git\\234Project-TestVer2\\Reports\\Test Suite 2\\20180510_172656"/>
         <property name="logFiles" value="C:\\Users\\thanakan_t\\git\\234Project-TestVer2\\Reports\\Test Suite 2\\20180510_172656\\execution0.log"/>
         <property name="attachments" value=""/>
         <property name="hostName" value="thanakan_t - 10.80.148.103"/>
         <property name="os" value="Windows 10 64bit"/>
         <property name="katalonVersion" value="5.4.1.1"/>
         <property name="browser" value="Chrome 66.0.3359.139"/>
         <property name="hostAddress" value="10.80.148.103"/>
         <property name="sessionId" value="37b4e17d47ceda01619be9bf3e4f305e"/>
         <property name="seleniumVersion" value="3.7.1"/>
         <property name="proxyInformation" value="ProxyInformation{proxyOption=NO_PROXY, proxyServerType=HTTP, password=, proxyServerAddress=, proxyServerPort=0}"/>
         <property name="platform" value="Windows 10"/>
      </properties>
      <testcase name="Test Cases/Admin view all transaction Testing" classname="Test Cases/Admin view all transaction Testing" status="ERROR">
         <error type="ERROR" message="Test Cases/Admin view all transaction Testing FAILED because (of) java.lang.NumberFormatException: For input string: &quot;Total price:&quot;"/>
         <system-out><![CDATA[2018-05-10 17:26:58 - [TEST_CASE][ERROR] - Test Cases/Admin view all transaction Testing: Test Cases/Admin view all transaction Testing FAILED because (of) java.lang.NumberFormatException: For input string: "Total price:"

2018-05-10 17:26:59 - [TEST_STEP][PASSED] - openBrowser: Browser is opened with url: ''

2018-05-10 17:27:02 - [MESSAGE][PASSED] - Browser is opened with url: ''

2018-05-10 17:27:02 - [TEST_STEP][PASSED] - navigateToUrl: Navigate to 'http://34.223.223.31:8091/' successfully

2018-05-10 17:27:14 - [MESSAGE][PASSED] - Navigate to 'http://34.223.223.31:8091/' successfully

2018-05-10 17:27:14 - [TEST_STEP][PASSED] - setText: Text 'admin' is set on object 'Object Repository/For admin test case/Page_ProjectBackend/input_username'

2018-05-10 17:27:15 - [MESSAGE][PASSED] - Text 'admin' is set on object 'Object Repository/For admin test case/Page_ProjectBackend/input_username'

2018-05-10 17:27:15 - [TEST_STEP][PASSED] - setText: Text 'admin' is set on object 'Object Repository/For admin test case/Page_ProjectBackend/input_password'

2018-05-10 17:27:15 - [MESSAGE][PASSED] - Text 'admin' is set on object 'Object Repository/For admin test case/Page_ProjectBackend/input_password'

2018-05-10 17:27:15 - [TEST_STEP][PASSED] - click: Object: 'Object Repository/For admin test case/Page_ProjectBackend/button_Login' is clicked on

2018-05-10 17:27:15 - [MESSAGE][PASSED] - Object: 'Object Repository/For admin test case/Page_ProjectBackend/button_Login' is clicked on

2018-05-10 17:27:15 - [TEST_STEP][PASSED] - click: Object: 'Object Repository/For admin test case/Page_ProjectBackend/a_Total Transaction' is clicked on

2018-05-10 17:27:17 - [MESSAGE][PASSED] - Object: 'Object Repository/For admin test case/Page_ProjectBackend/a_Total Transaction' is clicked on

2018-05-10 17:27:17 - [TEST_STEP][PASSED] - verifyElementText: Actual text and expected text of test object 'Object Repository/For admin test case/Page_ProjectBackend/h2_Transaction List' are matched.

2018-05-10 17:27:17 - [MESSAGE][PASSED] - Actual text and expected text of test object 'Object Repository/For admin test case/Page_ProjectBackend/h2_Transaction List' are matched.

2018-05-10 17:27:17 - [TEST_STEP][PASSED] - click: Object: 'Object Repository/For admin test case/Page_ProjectBackend/Total before add' is clicked on

2018-05-10 17:27:17 - [MESSAGE][PASSED] - Object: 'Object Repository/For admin test case/Page_ProjectBackend/Total before add' is clicked on

2018-05-10 17:27:17 - [TEST_STEP][PASSED] - Statement - driver = com.kms.katalon.core.webui.driver.DriverFactory.getWebDriver(): null

2018-05-10 17:27:17 - [TEST_STEP][PASSED] - Statement - total = driver.findElement(org.openqa.selenium.By.xpath("//*[@id="add-row"]/div/div[2]/div/p")): null

2018-05-10 17:27:17 - [TEST_STEP][PASSED] - Statement - adminBeforeAdd = total.getText(): null

2018-05-10 17:27:17 - [TEST_STEP][PASSED] - Statement - adminBeforeAdd = adminBeforeAdd.replaceAll("Total price: ", ""): null

2018-05-10 17:27:17 - [TEST_STEP][PASSED] - Statement - adminBeforeAdd = adminBeforeAdd.replaceAll(" THB", ""): null

2018-05-10 17:27:17 - [TEST_STEP][PASSED] - Statement - adminBeforeAdd = adminBeforeAdd.replaceAll(",", ""): null

2018-05-10 17:27:17 - [TEST_STEP][PASSED] - Statement - adminBeforeAdd2 = java.lang.Integer.parseInt(adminBeforeAdd): null]]></system-out>
         <system-err><![CDATA[2018-05-10 17:26:58 - [TEST_CASE][ERROR] - Test Cases/Admin view all transaction Testing: Test Cases/Admin view all transaction Testing FAILED because (of) java.lang.NumberFormatException: For input string: "Total price:"]]></system-err>
      </testcase>
      <system-out><![CDATA[2018-05-10 17:26:58 - [TEST_SUITE][ERROR] - Test Suite 2: Test Cases/Admin view all transaction Testing FAILED because (of) java.lang.NumberFormatException: For input string: "Total price:"]]></system-out>
      <system-err><![CDATA[2018-05-10 17:26:58 - [TEST_SUITE][ERROR] - Test Suite 2: Test Cases/Admin view all transaction Testing FAILED because (of) java.lang.NumberFormatException: For input string: "Total price:"]]></system-err>
   </testsuite>
</testsuites>
