{"devicePlatform":"","logFolder":"C:\\Users\\thanakan_t\\git\\234Project-TestVer2\\Reports\\Test Suite 2\\20180510_172432","runData":{"hostName":"thanakan_t - 10.80.148.103","os":"Windows 10 64bit","katalonVersion":"5.4.1.1","browser":"Chrome 66.0.3359.139","hostAddress":"10.80.148.103","sessionId":"3225476ad16c904eb1b514c41de055b5","seleniumVersion":"3.7.1","proxyInformation":"ProxyInformation{proxyOption\u003dNO_PROXY, proxyServerType\u003dHTTP, password\u003d, proxyServerAddress\u003d, proxyServerPort\u003d0}","platform":"Windows 10"},"type":"TEST_SUITE","name":"Test Suite 2","id":"Test Suites/Test Suite 2","source":"","message":"Test Cases/Admin view all transaction Testing FAILED because (of) Verify element text of test object \u0027Object Repository/For admin test case/Page_ProjectBackend/h5_Garden\u0027 FAILED. (Root cause: Actual text \u0027Garden\u0027 and expected text \u0027Transaction List\u0027 of test object \u0027Object Repository/For admin test case/Page_ProjectBackend/h5_Garden\u0027 are NOT matched.)","description":"Using for admin view test case","startTime":1525947874042,"endTime":1525947901847,"childRecords":[{"isOptional":false,"type":"TEST_CASE","name":"Test Cases/Admin view all transaction Testing","id":"Test Cases/Admin view all transaction Testing","source":"C:\\\\Users\\\\thanakan_t\\\\git\\\\234Project-TestVer2\\\\Test Cases\\\\Admin view all transaction Testing.tc","message":"Test Cases/Admin view all transaction Testing FAILED because (of) Verify element text of test object \u0027Object Repository/For admin test case/Page_ProjectBackend/h5_Garden\u0027 FAILED. (Root cause: Actual text \u0027Garden\u0027 and expected text \u0027Transaction List\u0027 of test object \u0027Object Repository/For admin test case/Page_ProjectBackend/h5_Garden\u0027 are NOT matched.)","description":"","startTime":1525947874497,"endTime":1525947901008,"childRecords":[{"testStatus":{"stackTrace":"","statusValue":"INFO"},"type":"MESSAGE","name":"","message":"Evaluating variables for test case","startTime":1525947874576,"endTime":0,"childRecords":[],"interuppted":false},{"testStatus":{"stackTrace":"","statusValue":"INFO"},"type":"MESSAGE","name":"","message":"Variable \u0027username\u0027 is set to admin","startTime":1525947874582,"endTime":0,"childRecords":[],"interuppted":false},{"testStatus":{"stackTrace":"","statusValue":"INFO"},"type":"MESSAGE","name":"","message":"Variable \u0027password\u0027 is set to admin","startTime":1525947874605,"endTime":0,"childRecords":[],"interuppted":false},{"testStatus":{"stackTrace":"","statusValue":"INFO"},"type":"MESSAGE","name":"","message":"Variable \u0027transactionText\u0027 is set to Transaction List","startTime":1525947874606,"endTime":0,"childRecords":[],"interuppted":false},{"testStatus":{"stackTrace":"","statusValue":"INFO"},"type":"MESSAGE","name":"","message":"Variable \u0027garden\u0027 is set to Transaction List","startTime":1525947874628,"endTime":0,"childRecords":[],"interuppted":false},{"testStatus":{"stackTrace":"","statusValue":"INFO"},"type":"MESSAGE","name":"","message":"Variable \u0027banana\u0027 is set to Transaction List","startTime":1525947874631,"endTime":0,"childRecords":[],"interuppted":false},{"testStatus":{"stackTrace":"","statusValue":"INFO"},"type":"MESSAGE","name":"","message":"Variable \u0027gardenNum\u0027 is set to 3","startTime":1525947874632,"endTime":0,"childRecords":[],"interuppted":false},{"testStatus":{"stackTrace":"","statusValue":"INFO"},"type":"MESSAGE","name":"","message":"Variable \u0027username2\u0027 is set to user","startTime":1525947874635,"endTime":0,"childRecords":[],"interuppted":false},{"testStatus":{"stackTrace":"","statusValue":"INFO"},"type":"MESSAGE","name":"","message":"Variable \u0027password2\u0027 is set to user","startTime":1525947874638,"endTime":0,"childRecords":[],"interuppted":false},{"index":1,"isIgnoredIfFailed":false,"type":"TEST_STEP","name":"openBrowser","message":"Browser is opened with url: \u0027\u0027","description":"","startTime":1525947875159,"endTime":1525947878361,"childRecords":[{"testStatus":{"stackTrace":"","statusValue":"PASSED"},"type":"MESSAGE","name":"","message":"Browser is opened with url: \u0027\u0027","startTime":1525947878360,"endTime":0,"childRecords":[],"interuppted":false}],"interuppted":false},{"index":2,"isIgnoredIfFailed":false,"type":"TEST_STEP","name":"navigateToUrl","message":"Navigate to \u0027http://34.223.223.31:8091/\u0027 successfully","description":"","startTime":1525947878363,"endTime":1525947893854,"childRecords":[{"testStatus":{"stackTrace":"","statusValue":"PASSED"},"type":"MESSAGE","name":"","message":"Navigate to \u0027http://34.223.223.31:8091/\u0027 successfully","startTime":1525947893853,"endTime":0,"childRecords":[],"interuppted":false}],"interuppted":false},{"index":3,"isIgnoredIfFailed":false,"type":"TEST_STEP","name":"setText","message":"Text \u0027admin\u0027 is set on object \u0027Object Repository/For admin test case/Page_ProjectBackend/input_username\u0027","description":"","startTime":1525947893855,"endTime":1525947894251,"childRecords":[{"testStatus":{"stackTrace":"","statusValue":"PASSED"},"type":"MESSAGE","name":"","message":"Text \u0027admin\u0027 is set on object \u0027Object Repository/For admin test case/Page_ProjectBackend/input_username\u0027","startTime":1525947894250,"endTime":0,"childRecords":[],"interuppted":false}],"interuppted":false},{"index":4,"isIgnoredIfFailed":false,"type":"TEST_STEP","name":"setText","message":"Text \u0027admin\u0027 is set on object \u0027Object Repository/For admin test case/Page_ProjectBackend/input_password\u0027","description":"","startTime":1525947894251,"endTime":1525947894432,"childRecords":[{"testStatus":{"stackTrace":"","statusValue":"PASSED"},"type":"MESSAGE","name":"","message":"Text \u0027admin\u0027 is set on object \u0027Object Repository/For admin test case/Page_ProjectBackend/input_password\u0027","startTime":1525947894431,"endTime":0,"childRecords":[],"interuppted":false}],"interuppted":false},{"index":5,"isIgnoredIfFailed":false,"type":"TEST_STEP","name":"click","message":"Object: \u0027Object Repository/For admin test case/Page_ProjectBackend/button_Login\u0027 is clicked on","description":"","startTime":1525947894433,"endTime":1525947894575,"childRecords":[{"testStatus":{"stackTrace":"","statusValue":"PASSED"},"type":"MESSAGE","name":"","message":"Object: \u0027Object Repository/For admin test case/Page_ProjectBackend/button_Login\u0027 is clicked on","startTime":1525947894574,"endTime":0,"childRecords":[],"interuppted":false}],"interuppted":false},{"index":6,"isIgnoredIfFailed":false,"type":"TEST_STEP","name":"click","message":"Object: \u0027Object Repository/For admin test case/Page_ProjectBackend/a_Total Transaction\u0027 is clicked on","description":"","startTime":1525947894575,"endTime":1525947896008,"childRecords":[{"testStatus":{"stackTrace":"","statusValue":"PASSED"},"type":"MESSAGE","name":"","message":"Object: \u0027Object Repository/For admin test case/Page_ProjectBackend/a_Total Transaction\u0027 is clicked on","startTime":1525947896006,"endTime":0,"childRecords":[],"interuppted":false}],"interuppted":false},{"index":7,"isIgnoredIfFailed":false,"type":"TEST_STEP","name":"verifyElementText","message":"Actual text and expected text of test object \u0027Object Repository/For admin test case/Page_ProjectBackend/h2_Transaction List\u0027 are matched.","description":"","startTime":1525947896009,"endTime":1525947896133,"childRecords":[{"testStatus":{"stackTrace":"","statusValue":"PASSED"},"type":"MESSAGE","name":"","message":"Actual text and expected text of test object \u0027Object Repository/For admin test case/Page_ProjectBackend/h2_Transaction List\u0027 are matched.","startTime":1525947896132,"endTime":0,"childRecords":[],"interuppted":false}],"interuppted":false},{"index":8,"isIgnoredIfFailed":false,"type":"TEST_STEP","name":"click","message":"Object: \u0027Object Repository/For admin test case/Page_ProjectBackend/Total before add\u0027 is clicked on","description":"","startTime":1525947896133,"endTime":1525947896252,"childRecords":[{"testStatus":{"stackTrace":"","statusValue":"PASSED"},"type":"MESSAGE","name":"","message":"Object: \u0027Object Repository/For admin test case/Page_ProjectBackend/Total before add\u0027 is clicked on","startTime":1525947896250,"endTime":0,"childRecords":[],"interuppted":false}],"interuppted":false},{"index":9,"isIgnoredIfFailed":false,"type":"TEST_STEP","name":"Statement - driver \u003d com.kms.katalon.core.webui.driver.DriverFactory.getWebDriver()","description":"","startTime":1525947896252,"endTime":1525947896263,"childRecords":[],"interuppted":false},{"index":10,"isIgnoredIfFailed":false,"type":"TEST_STEP","name":"Statement - total \u003d driver.findElement(org.openqa.selenium.By.xpath(\"//*[@id\u003d\"add-row\"]/div/div[2]/div/p\"))","description":"","startTime":1525947896263,"endTime":1525947896324,"childRecords":[],"interuppted":false},{"index":11,"isIgnoredIfFailed":false,"type":"TEST_STEP","name":"Statement - adminBeforeAdd \u003d total.getText()","description":"","startTime":1525947896325,"endTime":1525947896489,"childRecords":[],"interuppted":false},{"index":12,"isIgnoredIfFailed":false,"type":"TEST_STEP","name":"Statement - adminBeforeAdd \u003d adminBeforeAdd.replaceAll(\"Total price: \", \"\")","description":"","startTime":1525947896490,"endTime":1525947896495,"childRecords":[],"interuppted":false},{"index":13,"isIgnoredIfFailed":false,"type":"TEST_STEP","name":"Statement - adminBeforeAdd \u003d adminBeforeAdd.replaceAll(\" THB\", \"\")","description":"","startTime":1525947896495,"endTime":1525947896496,"childRecords":[],"interuppted":false},{"index":14,"isIgnoredIfFailed":false,"type":"TEST_STEP","name":"Statement - adminBeforeAdd \u003d adminBeforeAdd.replaceAll(\",\", \"\")","description":"","startTime":1525947896496,"endTime":1525947896498,"childRecords":[],"interuppted":false},{"index":15,"isIgnoredIfFailed":false,"type":"TEST_STEP","name":"Statement - adminBeforeAdd2 \u003d java.lang.Integer.parseInt(adminBeforeAdd)","description":"","startTime":1525947896498,"endTime":1525947896501,"childRecords":[],"interuppted":false},{"index":16,"isIgnoredIfFailed":false,"type":"TEST_STEP","name":"Statement - println(\"Total before user add a transaction \u003d \" + adminBeforeAdd2)","description":"","startTime":1525947896501,"endTime":1525947896505,"childRecords":[],"interuppted":false},{"index":17,"isIgnoredIfFailed":false,"type":"TEST_STEP","name":"click","message":"Object: \u0027Object Repository/For admin test case/Page_ProjectBackend/button_Logout\u0027 is clicked on","description":"","startTime":1525947896506,"endTime":1525947896654,"childRecords":[{"testStatus":{"stackTrace":"","statusValue":"PASSED"},"type":"MESSAGE","name":"","message":"Object: \u0027Object Repository/For admin test case/Page_ProjectBackend/button_Logout\u0027 is clicked on","startTime":1525947896653,"endTime":0,"childRecords":[],"interuppted":false}],"interuppted":false},{"index":18,"isIgnoredIfFailed":false,"type":"TEST_STEP","name":"setText","message":"Text \u0027user\u0027 is set on object \u0027Object Repository/For admin test case/Page_ProjectBackend/input_username\u0027","description":"","startTime":1525947896654,"endTime":1525947896851,"childRecords":[{"testStatus":{"stackTrace":"","statusValue":"PASSED"},"type":"MESSAGE","name":"","message":"Text \u0027user\u0027 is set on object \u0027Object Repository/For admin test case/Page_ProjectBackend/input_username\u0027","startTime":1525947896850,"endTime":0,"childRecords":[],"interuppted":false}],"interuppted":false},{"index":19,"isIgnoredIfFailed":false,"type":"TEST_STEP","name":"setText","message":"Text \u0027user\u0027 is set on object \u0027Object Repository/For admin test case/Page_ProjectBackend/input_password\u0027","description":"","startTime":1525947896852,"endTime":1525947897029,"childRecords":[{"testStatus":{"stackTrace":"","statusValue":"PASSED"},"type":"MESSAGE","name":"","message":"Text \u0027user\u0027 is set on object \u0027Object Repository/For admin test case/Page_ProjectBackend/input_password\u0027","startTime":1525947897028,"endTime":0,"childRecords":[],"interuppted":false}],"interuppted":false},{"index":20,"isIgnoredIfFailed":false,"type":"TEST_STEP","name":"click","message":"Object: \u0027Object Repository/For admin test case/Page_ProjectBackend/button_Login\u0027 is clicked on","description":"","startTime":1525947897030,"endTime":1525947897152,"childRecords":[{"testStatus":{"stackTrace":"","statusValue":"PASSED"},"type":"MESSAGE","name":"","message":"Object: \u0027Object Repository/For admin test case/Page_ProjectBackend/button_Login\u0027 is clicked on","startTime":1525947897151,"endTime":0,"childRecords":[],"interuppted":false}],"interuppted":false},{"index":21,"isIgnoredIfFailed":false,"type":"TEST_STEP","name":"delay","message":"Delayed 3 second(s)","description":"","startTime":1525947897153,"endTime":1525947900193,"childRecords":[{"testStatus":{"stackTrace":"","statusValue":"PASSED"},"type":"MESSAGE","name":"","message":"Delayed 3 second(s)","startTime":1525947900191,"endTime":0,"childRecords":[],"interuppted":false}],"interuppted":false},{"attachment":"1525947900654.png","index":22,"isIgnoredIfFailed":false,"type":"TEST_STEP","name":"verifyElementText","message":"Verify element text of test object \u0027Object Repository/For admin test case/Page_ProjectBackend/h5_Garden\u0027 FAILED. (Root cause: Actual text \u0027Garden\u0027 and expected text \u0027Transaction List\u0027 of test object \u0027Object Repository/For admin test case/Page_ProjectBackend/h5_Garden\u0027 are NOT matched.)","description":"","startTime":1525947900194,"endTime":1525947901005,"childRecords":[{"testStatus":{"stackTrace":"","statusValue":"FAILED"},"attachment":"1525947900301.png","type":"MESSAGE","name":"","message":"Actual text \u0027Garden\u0027 and expected text \u0027Transaction List\u0027 of test object \u0027Object Repository/For admin test case/Page_ProjectBackend/h5_Garden\u0027 are NOT matched.","startTime":1525947900651,"endTime":0,"childRecords":[],"interuppted":false},{"testStatus":{"stackTrace":"","statusValue":"FAILED"},"attachment":"1525947900654.png","type":"MESSAGE","name":"","message":"Verify element text of test object \u0027Object Repository/For admin test case/Page_ProjectBackend/h5_Garden\u0027 FAILED. (Root cause: Actual text \u0027Garden\u0027 and expected text \u0027Transaction List\u0027 of test object \u0027Object Repository/For admin test case/Page_ProjectBackend/h5_Garden\u0027 are NOT matched.)","startTime":1525947901004,"endTime":0,"childRecords":[],"interuppted":false}],"interuppted":false},{"testStatus":{"stackTrace":"","statusValue":"FAILED"},"type":"MESSAGE","name":"","message":"Test Cases/Admin view all transaction Testing FAILED because (of) Verify element text of test object \u0027Object Repository/For admin test case/Page_ProjectBackend/h5_Garden\u0027 FAILED. (Root cause: Actual text \u0027Garden\u0027 and expected text \u0027Transaction List\u0027 of test object \u0027Object Repository/For admin test case/Page_ProjectBackend/h5_Garden\u0027 are NOT matched.)","startTime":1525947901006,"endTime":0,"childRecords":[],"interuppted":false}],"interuppted":false}],"interuppted":false}