{"devicePlatform":"","logFolder":"C:\\Users\\thanakan_t\\git\\234Project-TestVer2\\Reports\\Test Suite 2\\20180510_172013","runData":{"hostName":"thanakan_t - 10.80.148.103","os":"Windows 10 64bit","katalonVersion":"5.4.1.1","browser":"Chrome 66.0.3359.139","hostAddress":"10.80.148.103","sessionId":"c14587b493a300a6a3d1521a9e82c6cd","seleniumVersion":"3.7.1","proxyInformation":"ProxyInformation{proxyOption\u003dNO_PROXY, proxyServerType\u003dHTTP, password\u003d, proxyServerAddress\u003d, proxyServerPort\u003d0}","platform":"Windows 10"},"type":"TEST_SUITE","name":"Test Suite 2","id":"Test Suites/Test Suite 2","source":"","message":"Test Cases/Admin view all transaction Testing FAILED because (of) Verify element text of test object \u0027Object Repository/For admin test case/Page_ProjectBackend/h5_Garden\u0027 FAILED. (Root cause: Actual text \u0027Garden\u0027 and expected text \u0027Transaction List\u0027 of test object \u0027Object Repository/For admin test case/Page_ProjectBackend/h5_Garden\u0027 are NOT matched.)","description":"Using for admin view test case","startTime":1525947615277,"endTime":1525947651858,"childRecords":[{"isOptional":false,"type":"TEST_CASE","name":"Test Cases/Admin view all transaction Testing","id":"Test Cases/Admin view all transaction Testing","source":"C:\\\\Users\\\\thanakan_t\\\\git\\\\234Project-TestVer2\\\\Test Cases\\\\Admin view all transaction Testing.tc","message":"Test Cases/Admin view all transaction Testing FAILED because (of) Verify element text of test object \u0027Object Repository/For admin test case/Page_ProjectBackend/h5_Garden\u0027 FAILED. (Root cause: Actual text \u0027Garden\u0027 and expected text \u0027Transaction List\u0027 of test object \u0027Object Repository/For admin test case/Page_ProjectBackend/h5_Garden\u0027 are NOT matched.)","description":"","startTime":1525947615776,"endTime":1525947651050,"childRecords":[{"testStatus":{"stackTrace":"","statusValue":"INFO"},"type":"MESSAGE","name":"","message":"Evaluating variables for test case","startTime":1525947615829,"endTime":0,"childRecords":[],"interuppted":false},{"testStatus":{"stackTrace":"","statusValue":"INFO"},"type":"MESSAGE","name":"","message":"Variable \u0027username\u0027 is set to admin","startTime":1525947615832,"endTime":0,"childRecords":[],"interuppted":false},{"testStatus":{"stackTrace":"","statusValue":"INFO"},"type":"MESSAGE","name":"","message":"Variable \u0027password\u0027 is set to admin","startTime":1525947615836,"endTime":0,"childRecords":[],"interuppted":false},{"testStatus":{"stackTrace":"","statusValue":"INFO"},"type":"MESSAGE","name":"","message":"Variable \u0027transactionText\u0027 is set to Transaction List","startTime":1525947615837,"endTime":0,"childRecords":[],"interuppted":false},{"testStatus":{"stackTrace":"","statusValue":"INFO"},"type":"MESSAGE","name":"","message":"Variable \u0027garden\u0027 is set to Transaction List","startTime":1525947615839,"endTime":0,"childRecords":[],"interuppted":false},{"testStatus":{"stackTrace":"","statusValue":"INFO"},"type":"MESSAGE","name":"","message":"Variable \u0027banana\u0027 is set to Transaction List","startTime":1525947615840,"endTime":0,"childRecords":[],"interuppted":false},{"testStatus":{"stackTrace":"","statusValue":"INFO"},"type":"MESSAGE","name":"","message":"Variable \u0027gardenNum\u0027 is set to 3","startTime":1525947615842,"endTime":0,"childRecords":[],"interuppted":false},{"testStatus":{"stackTrace":"","statusValue":"INFO"},"type":"MESSAGE","name":"","message":"Variable \u0027username2\u0027 is set to user","startTime":1525947615842,"endTime":0,"childRecords":[],"interuppted":false},{"testStatus":{"stackTrace":"","statusValue":"INFO"},"type":"MESSAGE","name":"","message":"Variable \u0027password2\u0027 is set to user","startTime":1525947615863,"endTime":0,"childRecords":[],"interuppted":false},{"index":1,"isIgnoredIfFailed":false,"type":"TEST_STEP","name":"openBrowser","message":"Browser is opened with url: \u0027\u0027","description":"","startTime":1525947616414,"endTime":1525947621024,"childRecords":[{"testStatus":{"stackTrace":"","statusValue":"PASSED"},"type":"MESSAGE","name":"","message":"Browser is opened with url: \u0027\u0027","startTime":1525947621023,"endTime":0,"childRecords":[],"interuppted":false}],"interuppted":false},{"index":2,"isIgnoredIfFailed":false,"type":"TEST_STEP","name":"navigateToUrl","message":"Navigate to \u0027http://34.223.223.31:8091/\u0027 successfully","description":"","startTime":1525947621025,"endTime":1525947643488,"childRecords":[{"testStatus":{"stackTrace":"","statusValue":"PASSED"},"type":"MESSAGE","name":"","message":"Navigate to \u0027http://34.223.223.31:8091/\u0027 successfully","startTime":1525947643484,"endTime":0,"childRecords":[],"interuppted":false}],"interuppted":false},{"index":3,"isIgnoredIfFailed":false,"type":"TEST_STEP","name":"setText","message":"Text \u0027admin\u0027 is set on object \u0027Object Repository/For admin test case/Page_ProjectBackend/input_username\u0027","description":"","startTime":1525947643488,"endTime":1525947643805,"childRecords":[{"testStatus":{"stackTrace":"","statusValue":"PASSED"},"type":"MESSAGE","name":"","message":"Text \u0027admin\u0027 is set on object \u0027Object Repository/For admin test case/Page_ProjectBackend/input_username\u0027","startTime":1525947643804,"endTime":0,"childRecords":[],"interuppted":false}],"interuppted":false},{"index":4,"isIgnoredIfFailed":false,"type":"TEST_STEP","name":"setText","message":"Text \u0027admin\u0027 is set on object \u0027Object Repository/For admin test case/Page_ProjectBackend/input_password\u0027","description":"","startTime":1525947643805,"endTime":1525947643993,"childRecords":[{"testStatus":{"stackTrace":"","statusValue":"PASSED"},"type":"MESSAGE","name":"","message":"Text \u0027admin\u0027 is set on object \u0027Object Repository/For admin test case/Page_ProjectBackend/input_password\u0027","startTime":1525947643992,"endTime":0,"childRecords":[],"interuppted":false}],"interuppted":false},{"index":5,"isIgnoredIfFailed":false,"type":"TEST_STEP","name":"click","message":"Object: \u0027Object Repository/For admin test case/Page_ProjectBackend/button_Login\u0027 is clicked on","description":"","startTime":1525947643994,"endTime":1525947644163,"childRecords":[{"testStatus":{"stackTrace":"","statusValue":"PASSED"},"type":"MESSAGE","name":"","message":"Object: \u0027Object Repository/For admin test case/Page_ProjectBackend/button_Login\u0027 is clicked on","startTime":1525947644162,"endTime":0,"childRecords":[],"interuppted":false}],"interuppted":false},{"index":6,"isIgnoredIfFailed":false,"type":"TEST_STEP","name":"click","message":"Object: \u0027Object Repository/For admin test case/Page_ProjectBackend/a_Total Transaction\u0027 is clicked on","description":"","startTime":1525947644163,"endTime":1525947645663,"childRecords":[{"testStatus":{"stackTrace":"","statusValue":"PASSED"},"type":"MESSAGE","name":"","message":"Object: \u0027Object Repository/For admin test case/Page_ProjectBackend/a_Total Transaction\u0027 is clicked on","startTime":1525947645662,"endTime":0,"childRecords":[],"interuppted":false}],"interuppted":false},{"index":7,"isIgnoredIfFailed":false,"type":"TEST_STEP","name":"verifyElementText","message":"Actual text and expected text of test object \u0027Object Repository/For admin test case/Page_ProjectBackend/h2_Transaction List\u0027 are matched.","description":"","startTime":1525947645663,"endTime":1525947645757,"childRecords":[{"testStatus":{"stackTrace":"","statusValue":"PASSED"},"type":"MESSAGE","name":"","message":"Actual text and expected text of test object \u0027Object Repository/For admin test case/Page_ProjectBackend/h2_Transaction List\u0027 are matched.","startTime":1525947645756,"endTime":0,"childRecords":[],"interuppted":false}],"interuppted":false},{"index":8,"isIgnoredIfFailed":false,"type":"TEST_STEP","name":"click","message":"Object: \u0027Object Repository/For admin test case/Page_ProjectBackend/Total before add\u0027 is clicked on","description":"","startTime":1525947645757,"endTime":1525947645881,"childRecords":[{"testStatus":{"stackTrace":"","statusValue":"PASSED"},"type":"MESSAGE","name":"","message":"Object: \u0027Object Repository/For admin test case/Page_ProjectBackend/Total before add\u0027 is clicked on","startTime":1525947645879,"endTime":0,"childRecords":[],"interuppted":false}],"interuppted":false},{"index":9,"isIgnoredIfFailed":false,"type":"TEST_STEP","name":"Statement - driver \u003d com.kms.katalon.core.webui.driver.DriverFactory.getWebDriver()","description":"","startTime":1525947645882,"endTime":1525947645896,"childRecords":[],"interuppted":false},{"index":10,"isIgnoredIfFailed":false,"type":"TEST_STEP","name":"Statement - total \u003d driver.findElement(org.openqa.selenium.By.xpath(\"//*[@id\u003d\"add-row\"]/div/div[2]/div/p\"))","description":"","startTime":1525947645897,"endTime":1525947646004,"childRecords":[],"interuppted":false},{"index":11,"isIgnoredIfFailed":false,"type":"TEST_STEP","name":"Statement - adminBeforeAdd \u003d total.getText()","description":"","startTime":1525947646004,"endTime":1525947646064,"childRecords":[],"interuppted":false},{"index":12,"isIgnoredIfFailed":false,"type":"TEST_STEP","name":"Statement - adminBeforeAdd \u003d adminBeforeAdd.replaceAll(\"Total price: \", \"\")","description":"","startTime":1525947646064,"endTime":1525947646070,"childRecords":[],"interuppted":false},{"index":13,"isIgnoredIfFailed":false,"type":"TEST_STEP","name":"Statement - adminBeforeAdd \u003d adminBeforeAdd.replaceAll(\" THB\", \"\")","description":"","startTime":1525947646070,"endTime":1525947646072,"childRecords":[],"interuppted":false},{"index":14,"isIgnoredIfFailed":false,"type":"TEST_STEP","name":"Statement - adminBeforeAdd \u003d adminBeforeAdd.replaceAll(\",\", \"\")","description":"","startTime":1525947646072,"endTime":1525947646074,"childRecords":[],"interuppted":false},{"index":15,"isIgnoredIfFailed":false,"type":"TEST_STEP","name":"Statement - adminBeforeAdd2 \u003d java.lang.Integer.parseInt(adminBeforeAdd)","description":"","startTime":1525947646075,"endTime":1525947646077,"childRecords":[],"interuppted":false},{"index":16,"isIgnoredIfFailed":false,"type":"TEST_STEP","name":"Statement - println(\"Total before user add a transaction \u003d \" + adminBeforeAdd2)","description":"","startTime":1525947646078,"endTime":1525947646083,"childRecords":[],"interuppted":false},{"index":17,"isIgnoredIfFailed":false,"type":"TEST_STEP","name":"click","message":"Object: \u0027Object Repository/For admin test case/Page_ProjectBackend/button_Logout\u0027 is clicked on","description":"","startTime":1525947646084,"endTime":1525947646254,"childRecords":[{"testStatus":{"stackTrace":"","statusValue":"PASSED"},"type":"MESSAGE","name":"","message":"Object: \u0027Object Repository/For admin test case/Page_ProjectBackend/button_Logout\u0027 is clicked on","startTime":1525947646253,"endTime":0,"childRecords":[],"interuppted":false}],"interuppted":false},{"index":18,"isIgnoredIfFailed":false,"type":"TEST_STEP","name":"setText","message":"Text \u0027user\u0027 is set on object \u0027Object Repository/For admin test case/Page_ProjectBackend/input_username\u0027","description":"","startTime":1525947646255,"endTime":1525947646497,"childRecords":[{"testStatus":{"stackTrace":"","statusValue":"PASSED"},"type":"MESSAGE","name":"","message":"Text \u0027user\u0027 is set on object \u0027Object Repository/For admin test case/Page_ProjectBackend/input_username\u0027","startTime":1525947646496,"endTime":0,"childRecords":[],"interuppted":false}],"interuppted":false},{"index":19,"isIgnoredIfFailed":false,"type":"TEST_STEP","name":"setText","message":"Text \u0027user\u0027 is set on object \u0027Object Repository/For admin test case/Page_ProjectBackend/input_password\u0027","description":"","startTime":1525947646499,"endTime":1525947647083,"childRecords":[{"testStatus":{"stackTrace":"","statusValue":"PASSED"},"type":"MESSAGE","name":"","message":"Text \u0027user\u0027 is set on object \u0027Object Repository/For admin test case/Page_ProjectBackend/input_password\u0027","startTime":1525947647083,"endTime":0,"childRecords":[],"interuppted":false}],"interuppted":false},{"index":20,"isIgnoredIfFailed":false,"type":"TEST_STEP","name":"click","message":"Object: \u0027Object Repository/For admin test case/Page_ProjectBackend/button_Login\u0027 is clicked on","description":"","startTime":1525947647085,"endTime":1525947647173,"childRecords":[{"testStatus":{"stackTrace":"","statusValue":"PASSED"},"type":"MESSAGE","name":"","message":"Object: \u0027Object Repository/For admin test case/Page_ProjectBackend/button_Login\u0027 is clicked on","startTime":1525947647173,"endTime":0,"childRecords":[],"interuppted":false}],"interuppted":false},{"index":21,"isIgnoredIfFailed":false,"type":"TEST_STEP","name":"delay","message":"Delayed 3 second(s)","description":"","startTime":1525947647174,"endTime":1525947650212,"childRecords":[{"testStatus":{"stackTrace":"","statusValue":"PASSED"},"type":"MESSAGE","name":"","message":"Delayed 3 second(s)","startTime":1525947650211,"endTime":0,"childRecords":[],"interuppted":false}],"interuppted":false},{"attachment":"1525947650752.png","index":22,"isIgnoredIfFailed":false,"type":"TEST_STEP","name":"verifyElementText","message":"Verify element text of test object \u0027Object Repository/For admin test case/Page_ProjectBackend/h5_Garden\u0027 FAILED. (Root cause: Actual text \u0027Garden\u0027 and expected text \u0027Transaction List\u0027 of test object \u0027Object Repository/For admin test case/Page_ProjectBackend/h5_Garden\u0027 are NOT matched.)","description":"","startTime":1525947650213,"endTime":1525947651048,"childRecords":[{"testStatus":{"stackTrace":"","statusValue":"FAILED"},"attachment":"1525947650333.png","type":"MESSAGE","name":"","message":"Actual text \u0027Garden\u0027 and expected text \u0027Transaction List\u0027 of test object \u0027Object Repository/For admin test case/Page_ProjectBackend/h5_Garden\u0027 are NOT matched.","startTime":1525947650750,"endTime":0,"childRecords":[],"interuppted":false},{"testStatus":{"stackTrace":"","statusValue":"FAILED"},"attachment":"1525947650752.png","type":"MESSAGE","name":"","message":"Verify element text of test object \u0027Object Repository/For admin test case/Page_ProjectBackend/h5_Garden\u0027 FAILED. (Root cause: Actual text \u0027Garden\u0027 and expected text \u0027Transaction List\u0027 of test object \u0027Object Repository/For admin test case/Page_ProjectBackend/h5_Garden\u0027 are NOT matched.)","startTime":1525947651047,"endTime":0,"childRecords":[],"interuppted":false}],"interuppted":false},{"testStatus":{"stackTrace":"","statusValue":"FAILED"},"type":"MESSAGE","name":"","message":"Test Cases/Admin view all transaction Testing FAILED because (of) Verify element text of test object \u0027Object Repository/For admin test case/Page_ProjectBackend/h5_Garden\u0027 FAILED. (Root cause: Actual text \u0027Garden\u0027 and expected text \u0027Transaction List\u0027 of test object \u0027Object Repository/For admin test case/Page_ProjectBackend/h5_Garden\u0027 are NOT matched.)","startTime":1525947651049,"endTime":0,"childRecords":[],"interuppted":false}],"interuppted":false}],"interuppted":false}