<?xml version="1.0" encoding="UTF-8"?>
<testsuites name="Test Suite 2" time="36" tests="0" failures="1" errors="0">
   <testsuite name="Test Suite 2" tests="0" failures="1" errors="0" time="36" timestamp="2018-05-10 17:20:15" hostname="thanakan_t - 10.80.148.103" id="Test Suites/Test Suite 2">
      <properties>
         <property name="deviceName" value=""/>
         <property name="devicePlatform" value=""/>
         <property name="logFolder" value="C:\\Users\\thanakan_t\\git\\234Project-TestVer2\\Reports\\Test Suite 2\\20180510_172013"/>
         <property name="logFiles" value="C:\\Users\\thanakan_t\\git\\234Project-TestVer2\\Reports\\Test Suite 2\\20180510_172013\\execution0.log"/>
         <property name="attachments" value="C:\\Users\\thanakan_t\\git\\234Project-TestVer2\\Reports\\Test Suite 2\\20180510_172013\\1525947650333.png, C:\\Users\\thanakan_t\\git\\234Project-TestVer2\\Reports\\Test Suite 2\\20180510_172013\\1525947650752.png"/>
         <property name="hostName" value="thanakan_t - 10.80.148.103"/>
         <property name="os" value="Windows 10 64bit"/>
         <property name="katalonVersion" value="5.4.1.1"/>
         <property name="browser" value="Chrome 66.0.3359.139"/>
         <property name="hostAddress" value="10.80.148.103"/>
         <property name="sessionId" value="c14587b493a300a6a3d1521a9e82c6cd"/>
         <property name="seleniumVersion" value="3.7.1"/>
         <property name="proxyInformation" value="ProxyInformation{proxyOption=NO_PROXY, proxyServerType=HTTP, password=, proxyServerAddress=, proxyServerPort=0}"/>
         <property name="platform" value="Windows 10"/>
      </properties>
      <testcase name="Test Cases/Admin view all transaction Testing" classname="Test Cases/Admin view all transaction Testing" status="FAILED">
         <failure type="FAILED" message="Verify element text of test object 'Object Repository/For admin test case/Page_ProjectBackend/h5_Garden' FAILED. (Root cause: Actual text 'Garden' and expected text 'Transaction List' of test object 'Object Repository/For admin test case/Page_ProjectBackend/h5_Garden' are NOT matched.)"/>
         <system-out><![CDATA[2018-05-10 17:20:15 - [TEST_CASE][FAILED] - Test Cases/Admin view all transaction Testing: Test Cases/Admin view all transaction Testing FAILED because (of) Verify element text of test object 'Object Repository/For admin test case/Page_ProjectBackend/h5_Garden' FAILED. (Root cause: Actual text 'Garden' and expected text 'Transaction List' of test object 'Object Repository/For admin test case/Page_ProjectBackend/h5_Garden' are NOT matched.)

2018-05-10 17:20:16 - [TEST_STEP][PASSED] - openBrowser: Browser is opened with url: ''

2018-05-10 17:20:21 - [MESSAGE][PASSED] - Browser is opened with url: ''

2018-05-10 17:20:21 - [TEST_STEP][PASSED] - navigateToUrl: Navigate to 'http://34.223.223.31:8091/' successfully

2018-05-10 17:20:43 - [MESSAGE][PASSED] - Navigate to 'http://34.223.223.31:8091/' successfully

2018-05-10 17:20:43 - [TEST_STEP][PASSED] - setText: Text 'admin' is set on object 'Object Repository/For admin test case/Page_ProjectBackend/input_username'

2018-05-10 17:20:43 - [MESSAGE][PASSED] - Text 'admin' is set on object 'Object Repository/For admin test case/Page_ProjectBackend/input_username'

2018-05-10 17:20:43 - [TEST_STEP][PASSED] - setText: Text 'admin' is set on object 'Object Repository/For admin test case/Page_ProjectBackend/input_password'

2018-05-10 17:20:43 - [MESSAGE][PASSED] - Text 'admin' is set on object 'Object Repository/For admin test case/Page_ProjectBackend/input_password'

2018-05-10 17:20:43 - [TEST_STEP][PASSED] - click: Object: 'Object Repository/For admin test case/Page_ProjectBackend/button_Login' is clicked on

2018-05-10 17:20:44 - [MESSAGE][PASSED] - Object: 'Object Repository/For admin test case/Page_ProjectBackend/button_Login' is clicked on

2018-05-10 17:20:44 - [TEST_STEP][PASSED] - click: Object: 'Object Repository/For admin test case/Page_ProjectBackend/a_Total Transaction' is clicked on

2018-05-10 17:20:45 - [MESSAGE][PASSED] - Object: 'Object Repository/For admin test case/Page_ProjectBackend/a_Total Transaction' is clicked on

2018-05-10 17:20:45 - [TEST_STEP][PASSED] - verifyElementText: Actual text and expected text of test object 'Object Repository/For admin test case/Page_ProjectBackend/h2_Transaction List' are matched.

2018-05-10 17:20:45 - [MESSAGE][PASSED] - Actual text and expected text of test object 'Object Repository/For admin test case/Page_ProjectBackend/h2_Transaction List' are matched.

2018-05-10 17:20:45 - [TEST_STEP][PASSED] - click: Object: 'Object Repository/For admin test case/Page_ProjectBackend/Total before add' is clicked on

2018-05-10 17:20:45 - [MESSAGE][PASSED] - Object: 'Object Repository/For admin test case/Page_ProjectBackend/Total before add' is clicked on

2018-05-10 17:20:45 - [TEST_STEP][PASSED] - Statement - driver = com.kms.katalon.core.webui.driver.DriverFactory.getWebDriver(): null

2018-05-10 17:20:45 - [TEST_STEP][PASSED] - Statement - total = driver.findElement(org.openqa.selenium.By.xpath("//*[@id="add-row"]/div/div[2]/div/p")): null

2018-05-10 17:20:46 - [TEST_STEP][PASSED] - Statement - adminBeforeAdd = total.getText(): null

2018-05-10 17:20:46 - [TEST_STEP][PASSED] - Statement - adminBeforeAdd = adminBeforeAdd.replaceAll("Total price: ", ""): null

2018-05-10 17:20:46 - [TEST_STEP][PASSED] - Statement - adminBeforeAdd = adminBeforeAdd.replaceAll(" THB", ""): null

2018-05-10 17:20:46 - [TEST_STEP][PASSED] - Statement - adminBeforeAdd = adminBeforeAdd.replaceAll(",", ""): null

2018-05-10 17:20:46 - [TEST_STEP][PASSED] - Statement - adminBeforeAdd2 = java.lang.Integer.parseInt(adminBeforeAdd): null

2018-05-10 17:20:46 - [TEST_STEP][PASSED] - Statement - println("Total before user add a transaction = " + adminBeforeAdd2): null

2018-05-10 17:20:46 - [TEST_STEP][PASSED] - click: Object: 'Object Repository/For admin test case/Page_ProjectBackend/button_Logout' is clicked on

2018-05-10 17:20:46 - [MESSAGE][PASSED] - Object: 'Object Repository/For admin test case/Page_ProjectBackend/button_Logout' is clicked on

2018-05-10 17:20:46 - [TEST_STEP][PASSED] - setText: Text 'user' is set on object 'Object Repository/For admin test case/Page_ProjectBackend/input_username'

2018-05-10 17:20:46 - [MESSAGE][PASSED] - Text 'user' is set on object 'Object Repository/For admin test case/Page_ProjectBackend/input_username'

2018-05-10 17:20:46 - [TEST_STEP][PASSED] - setText: Text 'user' is set on object 'Object Repository/For admin test case/Page_ProjectBackend/input_password'

2018-05-10 17:20:47 - [MESSAGE][PASSED] - Text 'user' is set on object 'Object Repository/For admin test case/Page_ProjectBackend/input_password'

2018-05-10 17:20:47 - [TEST_STEP][PASSED] - click: Object: 'Object Repository/For admin test case/Page_ProjectBackend/button_Login' is clicked on

2018-05-10 17:20:47 - [MESSAGE][PASSED] - Object: 'Object Repository/For admin test case/Page_ProjectBackend/button_Login' is clicked on

2018-05-10 17:20:47 - [TEST_STEP][PASSED] - delay: Delayed 3 second(s)

2018-05-10 17:20:50 - [MESSAGE][PASSED] - Delayed 3 second(s)

2018-05-10 17:20:50 - [TEST_STEP][FAILED] - verifyElementText: Verify element text of test object 'Object Repository/For admin test case/Page_ProjectBackend/h5_Garden' FAILED. (Root cause: Actual text 'Garden' and expected text 'Transaction List' of test object 'Object Repository/For admin test case/Page_ProjectBackend/h5_Garden' are NOT matched.)

2018-05-10 17:20:50 - [MESSAGE][FAILED] - Actual text 'Garden' and expected text 'Transaction List' of test object 'Object Repository/For admin test case/Page_ProjectBackend/h5_Garden' are NOT matched.
[[ATTACHMENT|C:\\Users\\thanakan_t\\git\\234Project-TestVer2\\Reports\\Test Suite 2\\20180510_172013\\1525947650333.png]]

2018-05-10 17:20:51 - [MESSAGE][FAILED] - Verify element text of test object 'Object Repository/For admin test case/Page_ProjectBackend/h5_Garden' FAILED. (Root cause: Actual text 'Garden' and expected text 'Transaction List' of test object 'Object Repository/For admin test case/Page_ProjectBackend/h5_Garden' are NOT matched.)
[[ATTACHMENT|C:\\Users\\thanakan_t\\git\\234Project-TestVer2\\Reports\\Test Suite 2\\20180510_172013\\1525947650752.png]]]]></system-out>
         <system-err><![CDATA[2018-05-10 17:20:15 - [TEST_CASE][FAILED] - Test Cases/Admin view all transaction Testing: Test Cases/Admin view all transaction Testing FAILED because (of) Verify element text of test object 'Object Repository/For admin test case/Page_ProjectBackend/h5_Garden' FAILED. (Root cause: Actual text 'Garden' and expected text 'Transaction List' of test object 'Object Repository/For admin test case/Page_ProjectBackend/h5_Garden' are NOT matched.)]]></system-err>
      </testcase>
      <system-out><![CDATA[2018-05-10 17:20:15 - [TEST_SUITE][FAILED] - Test Suite 2: Test Cases/Admin view all transaction Testing FAILED because (of) Verify element text of test object 'Object Repository/For admin test case/Page_ProjectBackend/h5_Garden' FAILED. (Root cause: Actual text 'Garden' and expected text 'Transaction List' of test object 'Object Repository/For admin test case/Page_ProjectBackend/h5_Garden' are NOT matched.)]]></system-out>
      <system-err><![CDATA[2018-05-10 17:20:15 - [TEST_SUITE][FAILED] - Test Suite 2: Test Cases/Admin view all transaction Testing FAILED because (of) Verify element text of test object 'Object Repository/For admin test case/Page_ProjectBackend/h5_Garden' FAILED. (Root cause: Actual text 'Garden' and expected text 'Transaction List' of test object 'Object Repository/For admin test case/Page_ProjectBackend/h5_Garden' are NOT matched.)]]></system-err>
   </testsuite>
</testsuites>
